<?xml version="1.0" encoding="UTF-8"?>
<testsuite name="com.landy.service.interview.PersonPost" tests="3" skipped="0" failures="0" errors="0" timestamp="2021-07-27T12:25:50" hostname="akhils-MBP" time="0.852">
  <properties/>
  <testcase name="Should insert a new person without address()" classname="com.landy.service.interview.PersonPost" time="0.766"/>
  <testcase name="Should insert a new person and apply jpa auditing()" classname="com.landy.service.interview.PersonPost" time="0.027"/>
  <testcase name="Should insert a new person with address()" classname="com.landy.service.interview.PersonPost" time="0.056"/>
  <system-out><![CDATA[[2021-07-27T13:25:43.043Z] [org.springframework.test.context.support.AbstractTestContextBootstrapper] [Test worker] [305] [INFO ] Neither @ContextConfiguration nor @ContextHierarchy found for test class [com.landy.service.interview.PersonPost], using SpringBootContextLoader
[2021-07-27T13:25:43.043Z] [org.springframework.test.context.support.AbstractContextLoader] [Test worker] [264] [INFO ] Could not detect default resource locations for test class [com.landy.service.interview.PersonPost]: no resource found for suffixes {-context.xml, Context.groovy}.
[2021-07-27T13:25:43.043Z] [org.springframework.test.context.support.AnnotationConfigContextLoaderUtils] [Test worker] [83] [INFO ] Could not detect default configuration classes for test class [com.landy.service.interview.PersonPost]: PersonPost does not declare any static, non-private, non-final, nested classes annotated with @Configuration.
[2021-07-27T13:25:43.043Z] [org.springframework.boot.test.context.SpringBootTestContextBootstrapper] [Test worker] [238] [INFO ] Found @SpringBootConfiguration com.landy.service.interview.ServiceInterviewApplication for test class com.landy.service.interview.PersonPost
[2021-07-27T13:25:43.043Z] [org.springframework.test.context.support.AbstractTestContextBootstrapper] [Test worker] [245] [INFO ] Loaded default TestExecutionListener class names from location [META-INF/spring.factories]: [org.springframework.security.test.context.support.WithSecurityContextTestExecutionListener, org.springframework.security.test.context.support.ReactorContextTestExecutionListener, org.springframework.boot.test.autoconfigure.restdocs.RestDocsTestExecutionListener, org.springframework.boot.test.autoconfigure.web.client.MockRestServiceServerResetTestExecutionListener, org.springframework.boot.test.autoconfigure.web.servlet.MockMvcPrintOnlyOnFailureTestExecutionListener, org.springframework.boot.test.autoconfigure.web.servlet.WebDriverTestExecutionListener, org.springframework.boot.test.autoconfigure.webservices.client.MockWebServiceServerTestExecutionListener, org.springframework.boot.test.mock.mockito.MockitoTestExecutionListener, org.springframework.boot.test.mock.mockito.ResetMocksTestExecutionListener, org.springframework.test.context.web.ServletTestExecutionListener, org.springframework.test.context.support.DirtiesContextBeforeModesTestExecutionListener, org.springframework.test.context.event.ApplicationEventsTestExecutionListener, org.springframework.test.context.support.DependencyInjectionTestExecutionListener, org.springframework.test.context.support.DirtiesContextTestExecutionListener, org.springframework.test.context.transaction.TransactionalTestExecutionListener, org.springframework.test.context.jdbc.SqlScriptsTestExecutionListener, org.springframework.test.context.event.EventPublishingTestExecutionListener]
[2021-07-27T13:25:43.043Z] [org.springframework.test.context.support.AbstractTestContextBootstrapper] [Test worker] [174] [INFO ] Using TestExecutionListeners: [org.springframework.test.context.web.ServletTestExecutionListener@38e68554, org.springframework.test.context.support.DirtiesContextBeforeModesTestExecutionListener@11cee229, org.springframework.test.context.event.ApplicationEventsTestExecutionListener@5fa66821, org.springframework.boot.test.mock.mockito.MockitoTestExecutionListener@3f02f88, org.springframework.boot.test.autoconfigure.SpringBootDependencyInjectionTestExecutionListener@f30d687, org.springframework.test.context.support.DirtiesContextTestExecutionListener@6909b2e2, org.springframework.test.context.transaction.TransactionalTestExecutionListener@5023882, org.springframework.test.context.jdbc.SqlScriptsTestExecutionListener@78ccbc5, org.springframework.security.test.context.support.WithSecurityContextTestExecutionListener@e01b15d, org.springframework.test.context.event.EventPublishingTestExecutionListener@2abb9cdd, org.springframework.security.test.context.support.ReactorContextTestExecutionListener@3ee96720, org.springframework.boot.test.autoconfigure.restdocs.RestDocsTestExecutionListener@5fda51db, org.springframework.boot.test.autoconfigure.web.client.MockRestServiceServerResetTestExecutionListener@5cd29824, org.springframework.boot.test.autoconfigure.web.servlet.MockMvcPrintOnlyOnFailureTestExecutionListener@2af9ba17, org.springframework.boot.test.autoconfigure.web.servlet.WebDriverTestExecutionListener@5f5c080f, org.springframework.boot.test.autoconfigure.webservices.client.MockWebServiceServerTestExecutionListener@5205deb6, org.springframework.boot.test.mock.mockito.ResetMocksTestExecutionListener@1ade7f6a]

  .   ____          _            __ _ _
 /\\ / ___'_ __ _ _(_)_ __  __ _ \ \ \ \
( ( )\___ | '_ | '_| | '_ \/ _` | \ \ \ \
 \\/  ___)| |_)| | | | | || (_| |  ) ) ) )
  '  |____| .__|_| |_|_| |_\__, | / / / /
 =========|_|==============|___/=/_/_/_/
 :: Spring Boot ::                (v2.5.1)

[2021-07-27T13:25:44.044Z] [org.springframework.boot.StartupInfoLogger] [Test worker] [55] [INFO ] Starting PersonPost using Java 11.0.12 on akhils-MBP with PID 44712 (started by akhilkaparthi in /Users/akhilkaparthi/Documents/ws-3/kotlintest)
[2021-07-27T13:25:44.044Z] [org.springframework.boot.SpringApplication] [Test worker] [659] [INFO ] No active profile set, falling back to default profiles: default
[2021-07-27T13:25:45.045Z] [org.springframework.data.repository.config.RepositoryConfigurationDelegate] [Test worker] [132] [INFO ] Bootstrapping Spring Data JPA repositories in DEFAULT mode.
[2021-07-27T13:25:45.045Z] [org.springframework.data.repository.config.RepositoryConfigurationDelegate] [Test worker] [201] [INFO ] Finished Spring Data repository scanning in 62 ms. Found 3 JPA repository interfaces.
[2021-07-27T13:25:46.046Z] [com.zaxxer.hikari.HikariDataSource] [Test worker] [110] [INFO ] HikariPool-1 - Starting...
[2021-07-27T13:25:46.046Z] [com.zaxxer.hikari.HikariDataSource] [Test worker] [123] [INFO ] HikariPool-1 - Start completed.
[2021-07-27T13:25:46.046Z] [org.hibernate.jpa.internal.util.LogHelper] [Test worker] [31] [INFO ] HHH000204: Processing PersistenceUnitInfo [name: default]
[2021-07-27T13:25:46.046Z] [org.hibernate.Version] [Test worker] [44] [INFO ] HHH000412: Hibernate ORM core version 5.4.32.Final
[2021-07-27T13:25:46.046Z] [org.hibernate.annotations.common.reflection.java.JavaReflectionManager] [Test worker] [56] [INFO ] HCANN000001: Hibernate Commons Annotations {5.1.2.Final}
[2021-07-27T13:25:46.046Z] [org.hibernate.dialect.Dialect] [Test worker] [175] [INFO ] HHH000400: Using dialect: org.hibernate.dialect.H2Dialect
[2021-07-27T13:25:47.047Z] [org.hibernate.engine.transaction.jta.platform.internal.JtaPlatformInitiator] [Test worker] [52] [INFO ] HHH000490: Using JtaPlatform implementation: [org.hibernate.engine.transaction.jta.platform.internal.NoJtaPlatform]
[2021-07-27T13:25:47.047Z] [org.springframework.orm.jpa.AbstractEntityManagerFactoryBean] [Test worker] [437] [INFO ] Initialized JPA EntityManagerFactory for persistence unit 'default'
[2021-07-27T13:25:47.047Z] [org.springframework.boot.autoconfigure.orm.jpa.JpaBaseConfiguration$JpaWebConfiguration] [Test worker] [219] [WARN ] spring.jpa.open-in-view is enabled by default. Therefore, database queries may be performed during view rendering. Explicitly configure spring.jpa.open-in-view to disable this warning
[2021-07-27T13:25:49.049Z] [org.springframework.boot.autoconfigure.h2.H2ConsoleAutoConfiguration] [Test worker] [68] [INFO ] H2 console available at '/h2-console'. Database available at 'jdbc:h2:mem:mydb'
[2021-07-27T13:25:50.050Z] [org.springframework.boot.autoconfigure.security.servlet.UserDetailsServiceAutoConfiguration] [Test worker] [86] [INFO ] 

Using generated security password: b225bb7a-7666-491c-8824-113aed98f5e7

[2021-07-27T13:25:50.050Z] [org.springframework.security.web.DefaultSecurityFilterChain] [Test worker] [51] [INFO ] Will secure any request with [org.springframework.security.web.context.request.async.WebAsyncManagerIntegrationFilter@59fcb840, org.springframework.security.web.context.SecurityContextPersistenceFilter@7a141be0, org.springframework.security.web.header.HeaderWriterFilter@6a50423f, org.springframework.security.web.authentication.logout.LogoutFilter@9615d8e, org.springframework.security.web.savedrequest.RequestCacheAwareFilter@53457e40, org.springframework.security.web.servletapi.SecurityContextHolderAwareRequestFilter@3267ae77, org.springframework.security.web.authentication.AnonymousAuthenticationFilter@2a642272, org.springframework.security.web.session.SessionManagementFilter@11e5fff6, org.springframework.security.web.access.ExceptionTranslationFilter@5987f138, org.springframework.security.web.access.intercept.FilterSecurityInterceptor@12b8b0ec]
[2021-07-27T13:25:50.050Z] [org.springframework.boot.actuate.endpoint.web.EndpointLinksResolver] [Test worker] [58] [INFO ] Exposing 2 endpoint(s) beneath base path ''
[2021-07-27T13:25:50.050Z] [org.springframework.boot.StartupInfoLogger] [Test worker] [61] [INFO ] Started PersonPost in 6.875 seconds (JVM running for 8.344)
[2021-07-27T13:25:51.051Z] [org.springframework.mock.web.MockServletContext] [Test worker] [455] [INFO ] Initializing Spring TestDispatcherServlet ''
[2021-07-27T13:25:51.051Z] [org.springframework.web.servlet.FrameworkServlet] [Test worker] [525] [INFO ] Initializing Servlet ''
[2021-07-27T13:25:51.051Z] [org.springframework.web.servlet.FrameworkServlet] [Test worker] [547] [INFO ] Completed initialization in 2 ms
LANDY TEST: Cleaning the data
LANDY TEST: Preparing test data

MockHttpServletRequest:
      HTTP Method = POST
      Request URI = /api/v1/persons
       Parameters = {}
          Headers = [Content-Type:"application/json", Accept:"application/json", Content-Length:"58"]
             Body = <no character encoding set>
    Session Attrs = {SPRING_SECURITY_CONTEXT=SecurityContextImpl [Authentication=UsernamePasswordAuthenticationToken [Principal=org.springframework.security.core.userdetails.User [Username=admin, Password=[PROTECTED], Enabled=true, AccountNonExpired=true, credentialsNonExpired=true, AccountNonLocked=true, Granted Authorities=[ROLE_ADMIN, ROLE_USER]], Credentials=[PROTECTED], Authenticated=true, Details=null, Granted Authorities=[ROLE_ADMIN, ROLE_USER]]]}

Handler:
             Type = com.landy.service.interview.controller.PersonController
           Method = com.landy.service.interview.controller.PersonController#createPerson(PersonDto, HttpServletResponse)

Async:
    Async started = false
     Async result = null

Resolved Exception:
             Type = null

ModelAndView:
        View name = null
             View = null
            Model = null

FlashMap:
       Attributes = null

MockHttpServletResponse:
           Status = 200
    Error message = null
          Headers = [Content-Type:"text/plain;charset=UTF-8", X-Content-Type-Options:"nosniff", X-XSS-Protection:"1; mode=block", Cache-Control:"no-cache, no-store, max-age=0, must-revalidate", Pragma:"no-cache", Expires:"0", X-Frame-Options:"DENY"]
     Content type = text/plain;charset=UTF-8
             Body = {"id":3,"createdBy":"user","createdDate":{"seconds":1627388751,"nanos":474000000},"lastModifiedBy":"user","lastModifiedDate":{"seconds":1627388751,"nanos":474000000},"name":"Suze Orman","gender":"FEMALE","placeOfBirth":{"id":2,"name":"Paris"},"addressList":[]}
    Forwarded URL = null
   Redirected URL = null
          Cookies = []
[2021-07-27T13:25:51.051Z] [org.springframework.mock.web.MockServletContext] [Test worker] [455] [INFO ] Initializing Spring TestDispatcherServlet ''
[2021-07-27T13:25:51.051Z] [org.springframework.web.servlet.FrameworkServlet] [Test worker] [525] [INFO ] Initializing Servlet ''
[2021-07-27T13:25:51.051Z] [org.springframework.web.servlet.FrameworkServlet] [Test worker] [547] [INFO ] Completed initialization in 1 ms
LANDY TEST: Cleaning the data
LANDY TEST: Preparing test data

MockHttpServletRequest:
      HTTP Method = POST
      Request URI = /api/v1/persons
       Parameters = {}
          Headers = [Content-Type:"application/json", Accept:"application/json", Content-Length:"58"]
             Body = <no character encoding set>
    Session Attrs = {SPRING_SECURITY_CONTEXT=SecurityContextImpl [Authentication=UsernamePasswordAuthenticationToken [Principal=org.springframework.security.core.userdetails.User [Username=admin, Password=[PROTECTED], Enabled=true, AccountNonExpired=true, credentialsNonExpired=true, AccountNonLocked=true, Granted Authorities=[ROLE_ADMIN, ROLE_USER]], Credentials=[PROTECTED], Authenticated=true, Details=null, Granted Authorities=[ROLE_ADMIN, ROLE_USER]]]}

Handler:
             Type = com.landy.service.interview.controller.PersonController
           Method = com.landy.service.interview.controller.PersonController#createPerson(PersonDto, HttpServletResponse)

Async:
    Async started = false
     Async result = null

Resolved Exception:
             Type = null

ModelAndView:
        View name = null
             View = null
            Model = null

FlashMap:
       Attributes = null

MockHttpServletResponse:
           Status = 200
    Error message = null
          Headers = [Content-Type:"text/plain;charset=UTF-8", X-Content-Type-Options:"nosniff", X-XSS-Protection:"1; mode=block", Cache-Control:"no-cache, no-store, max-age=0, must-revalidate", Pragma:"no-cache", Expires:"0", X-Frame-Options:"DENY"]
     Content type = text/plain;charset=UTF-8
             Body = {"id":4,"createdBy":"user","createdDate":{"seconds":1627388751,"nanos":608000000},"lastModifiedBy":"user","lastModifiedDate":{"seconds":1627388751,"nanos":608000000},"name":"Suze Orman","gender":"FEMALE","placeOfBirth":{"id":2,"name":"Paris"},"addressList":[]}
    Forwarded URL = null
   Redirected URL = null
          Cookies = []
[2021-07-27T13:25:51.051Z] [org.springframework.mock.web.MockServletContext] [Test worker] [455] [INFO ] Initializing Spring TestDispatcherServlet ''
[2021-07-27T13:25:51.051Z] [org.springframework.web.servlet.FrameworkServlet] [Test worker] [525] [INFO ] Initializing Servlet ''
[2021-07-27T13:25:51.051Z] [org.springframework.web.servlet.FrameworkServlet] [Test worker] [547] [INFO ] Completed initialization in 2 ms
LANDY TEST: Cleaning the data
LANDY TEST: Preparing test data

MockHttpServletRequest:
      HTTP Method = POST
      Request URI = /api/v1/persons
       Parameters = {}
          Headers = [Content-Type:"application/json", Accept:"application/json", Content-Length:"158"]
             Body = <no character encoding set>
    Session Attrs = {SPRING_SECURITY_CONTEXT=SecurityContextImpl [Authentication=UsernamePasswordAuthenticationToken [Principal=org.springframework.security.core.userdetails.User [Username=admin, Password=[PROTECTED], Enabled=true, AccountNonExpired=true, credentialsNonExpired=true, AccountNonLocked=true, Granted Authorities=[ROLE_ADMIN, ROLE_USER]], Credentials=[PROTECTED], Authenticated=true, Details=null, Granted Authorities=[ROLE_ADMIN, ROLE_USER]]]}

Handler:
             Type = com.landy.service.interview.controller.PersonController
           Method = com.landy.service.interview.controller.PersonController#createPerson(PersonDto, HttpServletResponse)

Async:
    Async started = false
     Async result = null

Resolved Exception:
             Type = null

ModelAndView:
        View name = null
             View = null
            Model = null

FlashMap:
       Attributes = null

MockHttpServletResponse:
           Status = 200
    Error message = null
          Headers = [Content-Type:"text/plain;charset=UTF-8", X-Content-Type-Options:"nosniff", X-XSS-Protection:"1; mode=block", Cache-Control:"no-cache, no-store, max-age=0, must-revalidate", Pragma:"no-cache", Expires:"0", X-Frame-Options:"DENY"]
     Content type = text/plain;charset=UTF-8
             Body = {"id":5,"createdBy":"user","createdDate":{"seconds":1627388751,"nanos":643000000},"lastModifiedBy":"user","lastModifiedDate":{"seconds":1627388751,"nanos":643000000},"name":"Suze Orman","gender":"FEMALE","placeOfBirth":{"id":2,"name":"Paris"},"addressList":[{"id":1,"street1":"4th Floor, 136","street2":"Sloane St","postCode":"SW1X 9AY","city":{"id":1,"name":"London"}}]}
    Forwarded URL = null
   Redirected URL = null
          Cookies = []
]]></system-out>
  <system-err><![CDATA[]]></system-err>
</testsuite>
